<?xml version="1.0" encoding="UTF-8"?>
<!-- Generated by org.testng.reporters.JUnitXMLReporter -->
<testsuite hostname="Zinnun" ignored="1" name="Listener2" tests="2" failures="1" timestamp="2020-06-03T20:51:47 BDT" time="0.047" errors="0">
  <testcase name="loginbyEmail on [Listeners passed=0 failed=0 skipped=0]" time="0.0" classname="TestNG.Listeners"/>
  <testcase name="loginbyfacebook on [Listeners passed=0 failed=0 skipped=0]" time="0.0" classname="TestNG.Listeners">
    <failure type="java.lang.AssertionError" message="expected [uddin] but found [Zinnun]">
      <![CDATA[java.lang.AssertionError: expected [uddin] but found [Zinnun]
at TestNG.Listeners.loginbyfacebook(Listeners.java:26)
at java.util.ArrayList.forEach(Unknown Source)
... Removed 32 stack frames]]>
    </failure>
  </testcase> <!-- loginbyfacebook on [Listeners passed=0 failed=0 skipped=0] -->
  <testcase name="loginbytwitter" time="0.0" classname="TestNG.Listeners">
    <ignored/>
  </testcase> <!-- loginbytwitter -->
</testsuite> <!-- Listener2 -->
