<?xml version="1.0" encoding="UTF-8"?>
<!-- Generated by org.testng.reporters.JUnitXMLReporter -->
<testsuite hostname="Zinnun" ignored="0" name="payment tests" tests="3" failures="0" timestamp="2020-07-18T22:02:54 BDT" time="0.023" errors="0">
  <testcase name="paymentInDollar" time="0.003" classname="TestNG.paymentTest"/>
  <testcase name="paymentInTaka" time="0.003" classname="TestNG.paymentTest"/>
  <testcase name="returnByBank" time="0.002" classname="TestNG.paymentReturns"/>
</testsuite> <!-- payment tests -->
