<?xml version="1.0" encoding="UTF-8"?>
<!-- Generated by org.testng.reporters.JUnitXMLReporter -->
<testsuite hostname="Zinnun" ignored="0" name="payment tests" tests="3" failures="0" timestamp="2020-05-31T21:20:29 BDT" time="0.013" errors="0">
  <testcase name="paymentInDollar" time="0.001" classname="TestNG.paymentTest"/>
  <testcase name="paymentInTaka" time="0.002" classname="TestNG.paymentTest"/>
  <testcase name="returnByBank" time="0.002" classname="TestNG.paymentReturns"/>
</testsuite> <!-- payment tests -->
