<?xml version="1.0" encoding="UTF-8"?>
<!-- Generated by org.testng.reporters.JUnitXMLReporter -->
<testsuite hostname="Zinnun" ignored="0" name="sanity tests" tests="6" failures="0" timestamp="2020-05-31T21:20:29 BDT" time="0.094" errors="0">
  <testcase name="loginbyEmail" time="0.011" classname="TestNG.loginTest"/>
  <testcase name="loginbyfacebook" time="0.001" classname="TestNG.loginTest"/>
  <testcase name="loginbytwitter" time="0.001" classname="TestNG.loginTest"/>
  <testcase name="signUpbyEmail" time="0.001" classname="TestNG.signUpTest"/>
  <testcase name="signUpbyTwitter" time="0.001" classname="TestNG.signUpTest"/>
  <testcase name="signUpbyfacebook" time="0.002" classname="TestNG.signUpTest"/>
</testsuite> <!-- sanity tests -->
