<?xml version="1.0" encoding="UTF-8"?>
<!-- Generated by org.testng.reporters.JUnitXMLReporter -->
<testsuite hostname="Zinnun" ignored="0" name="sanity tests" tests="6" failures="0" timestamp="2020-07-18T22:02:54 BDT" time="0.195" errors="0">
  <testcase name="loginbyEmail" time="0.024" classname="TestNG.loginTest"/>
  <testcase name="loginbyfacebook" time="0.003" classname="TestNG.loginTest"/>
  <testcase name="loginbytwitter" time="0.003" classname="TestNG.loginTest"/>
  <testcase name="signUpbyEmail" time="0.003" classname="TestNG.signUpTest"/>
  <testcase name="signUpbyTwitter" time="0.004" classname="TestNG.signUpTest"/>
  <testcase name="signUpbyfacebook" time="0.003" classname="TestNG.signUpTest"/>
</testsuite> <!-- sanity tests -->
